0 info it worked if it ends with ok
1 verbose cli [ 'D:\\Program Files\\nodejs\\node.exe',
1 verbose cli   'D:\\Program Files\\nodejs\\node_modules\\npm\\bin\\npm-cli.js',
1 verbose cli   'i',
1 verbose cli   '--save-dev',
1 verbose cli   'babel-core',
1 verbose cli   'babel-loadernpm',
1 verbose cli   'i',
1 verbose cli   '--save-dev',
1 verbose cli   'babel-core',
1 verbose cli   'babel-loader' ]
2 info using npm@3.10.10
3 info using node@v7.3.0
4 silly loadCurrentTree Starting
5 silly install loadCurrentTree
6 silly install readLocalPackageData
7 silly fetchPackageMetaData babel-core
8 silly fetchPackageMetaData babel-loadernpm
9 silly fetchPackageMetaData i
10 silly fetchPackageMetaData babel-core
11 silly fetchPackageMetaData babel-loader
12 silly fetchNamedPackageData babel-core
13 silly mapToRegistry name babel-core
14 silly mapToRegistry using default registry
15 silly mapToRegistry registry https://registry.npmjs.org/
16 silly mapToRegistry data Result {
16 silly mapToRegistry   raw: 'babel-core',
16 silly mapToRegistry   scope: null,
16 silly mapToRegistry   escapedName: 'babel-core',
16 silly mapToRegistry   name: 'babel-core',
16 silly mapToRegistry   rawSpec: '',
16 silly mapToRegistry   spec: 'latest',
16 silly mapToRegistry   type: 'tag' }
17 silly mapToRegistry uri https://registry.npmjs.org/babel-core
18 silly fetchNamedPackageData babel-loadernpm
19 silly mapToRegistry name babel-loadernpm
20 silly mapToRegistry using default registry
21 silly mapToRegistry registry https://registry.npmjs.org/
22 silly mapToRegistry data Result {
22 silly mapToRegistry   raw: 'babel-loadernpm',
22 silly mapToRegistry   scope: null,
22 silly mapToRegistry   escapedName: 'babel-loadernpm',
22 silly mapToRegistry   name: 'babel-loadernpm',
22 silly mapToRegistry   rawSpec: '',
22 silly mapToRegistry   spec: 'latest',
22 silly mapToRegistry   type: 'tag' }
23 silly mapToRegistry uri https://registry.npmjs.org/babel-loadernpm
24 silly fetchNamedPackageData i
25 silly mapToRegistry name i
26 silly mapToRegistry using default registry
27 silly mapToRegistry registry https://registry.npmjs.org/
28 silly mapToRegistry data Result {
28 silly mapToRegistry   raw: 'i',
28 silly mapToRegistry   scope: null,
28 silly mapToRegistry   escapedName: 'i',
28 silly mapToRegistry   name: 'i',
28 silly mapToRegistry   rawSpec: '',
28 silly mapToRegistry   spec: 'latest',
28 silly mapToRegistry   type: 'tag' }
29 silly mapToRegistry uri https://registry.npmjs.org/i
30 silly fetchNamedPackageData babel-core
31 silly mapToRegistry name babel-core
32 silly mapToRegistry using default registry
33 silly mapToRegistry registry https://registry.npmjs.org/
34 silly mapToRegistry data Result {
34 silly mapToRegistry   raw: 'babel-core',
34 silly mapToRegistry   scope: null,
34 silly mapToRegistry   escapedName: 'babel-core',
34 silly mapToRegistry   name: 'babel-core',
34 silly mapToRegistry   rawSpec: '',
34 silly mapToRegistry   spec: 'latest',
34 silly mapToRegistry   type: 'tag' }
35 silly mapToRegistry uri https://registry.npmjs.org/babel-core
36 silly fetchNamedPackageData babel-loader
37 silly mapToRegistry name babel-loader
38 silly mapToRegistry using default registry
39 silly mapToRegistry registry https://registry.npmjs.org/
40 silly mapToRegistry data Result {
40 silly mapToRegistry   raw: 'babel-loader',
40 silly mapToRegistry   scope: null,
40 silly mapToRegistry   escapedName: 'babel-loader',
40 silly mapToRegistry   name: 'babel-loader',
40 silly mapToRegistry   rawSpec: '',
40 silly mapToRegistry   spec: 'latest',
40 silly mapToRegistry   type: 'tag' }
41 silly mapToRegistry uri https://registry.npmjs.org/babel-loader
42 verbose request uri https://registry.npmjs.org/babel-loadernpm
43 verbose request no auth needed
44 info attempt registry request try #1 at 6:02:55 PM
45 verbose request id ee5427dd64dfd6ba
46 http request GET https://registry.npmjs.org/babel-loadernpm
47 verbose request uri https://registry.npmjs.org/i
48 verbose request no auth needed
49 info attempt registry request try #1 at 6:02:55 PM
50 http request GET https://registry.npmjs.org/i
51 verbose request uri https://registry.npmjs.org/babel-loader
52 verbose request no auth needed
53 info attempt registry request try #1 at 6:02:55 PM
54 http request GET https://registry.npmjs.org/babel-loader
55 verbose request uri https://registry.npmjs.org/babel-core
56 verbose request no auth needed
57 info attempt registry request try #1 at 6:02:55 PM
58 verbose etag W/"5863be61-7126f"
59 verbose lastModified Wed, 28 Dec 2016 13:30:09 GMT
60 http request GET https://registry.npmjs.org/babel-core
61 verbose request uri https://registry.npmjs.org/babel-core
62 verbose request no auth needed
63 info attempt registry request try #1 at 6:02:55 PM
64 verbose etag W/"5863be61-7126f"
65 verbose lastModified Wed, 28 Dec 2016 13:30:09 GMT
66 http request GET https://registry.npmjs.org/babel-core
67 http 200 https://registry.npmjs.org/i
68 verbose headers { server: 'CouchDB/1.6.1 (Erlang OTP/R16B03)',
68 verbose headers   'content-type': 'application/json',
68 verbose headers   etag: '"585016bc-331b"',
68 verbose headers   'content-encoding': 'gzip',
68 verbose headers   'cache-control': 'max-age=300',
68 verbose headers   'content-length': '2896',
68 verbose headers   'accept-ranges': 'bytes',
68 verbose headers   date: 'Sat, 31 Dec 2016 16:02:51 GMT',
68 verbose headers   via: '1.1 varnish',
68 verbose headers   age: '118',
68 verbose headers   connection: 'keep-alive',
68 verbose headers   'x-served-by': 'cache-cdg8730-CDG',
68 verbose headers   'x-cache': 'HIT',
68 verbose headers   'x-cache-hits': '1',
68 verbose headers   'x-timer': 'S1483200171.242240,VS0,VE0',
68 verbose headers   vary: 'Accept-Encoding' }
69 silly get cb [ 200,
69 silly get   { server: 'CouchDB/1.6.1 (Erlang OTP/R16B03)',
69 silly get     'content-type': 'application/json',
69 silly get     etag: '"585016bc-331b"',
69 silly get     'content-encoding': 'gzip',
69 silly get     'cache-control': 'max-age=300',
69 silly get     'content-length': '2896',
69 silly get     'accept-ranges': 'bytes',
69 silly get     date: 'Sat, 31 Dec 2016 16:02:51 GMT',
69 silly get     via: '1.1 varnish',
69 silly get     age: '118',
69 silly get     connection: 'keep-alive',
69 silly get     'x-served-by': 'cache-cdg8730-CDG',
69 silly get     'x-cache': 'HIT',
69 silly get     'x-cache-hits': '1',
69 silly get     'x-timer': 'S1483200171.242240,VS0,VE0',
69 silly get     vary: 'Accept-Encoding' } ]
70 verbose get saving i to C:\Users\psycu_000\AppData\Roaming\npm-cache\registry.npmjs.org\i\.cache.json
71 verbose correctMkdir C:\Users\psycu_000\AppData\Roaming\npm-cache correctMkdir not in flight; initializing
72 http 304 https://registry.npmjs.org/babel-core
73 verbose headers { date: 'Sat, 31 Dec 2016 16:02:51 GMT',
73 verbose headers   via: '1.1 varnish',
73 verbose headers   'cache-control': 'max-age=300',
73 verbose headers   etag: 'W/"5863be61-7126f"',
73 verbose headers   age: '232',
73 verbose headers   connection: 'keep-alive',
73 verbose headers   'x-served-by': 'cache-cdg8735-CDG',
73 verbose headers   'x-cache': 'HIT',
73 verbose headers   'x-cache-hits': '1',
73 verbose headers   'x-timer': 'S1483200171.266535,VS0,VE0',
73 verbose headers   vary: 'Accept-Encoding' }
74 silly get cb [ 304,
74 silly get   { date: 'Sat, 31 Dec 2016 16:02:51 GMT',
74 silly get     via: '1.1 varnish',
74 silly get     'cache-control': 'max-age=300',
74 silly get     etag: 'W/"5863be61-7126f"',
74 silly get     age: '232',
74 silly get     connection: 'keep-alive',
74 silly get     'x-served-by': 'cache-cdg8735-CDG',
74 silly get     'x-cache': 'HIT',
74 silly get     'x-cache-hits': '1',
74 silly get     'x-timer': 'S1483200171.266535,VS0,VE0',
74 silly get     vary: 'Accept-Encoding' } ]
75 verbose etag https://registry.npmjs.org/babel-core from cache
76 verbose get saving babel-core to C:\Users\psycu_000\AppData\Roaming\npm-cache\registry.npmjs.org\babel-core\.cache.json
77 verbose correctMkdir C:\Users\psycu_000\AppData\Roaming\npm-cache correctMkdir not in flight; initializing
78 http 304 https://registry.npmjs.org/babel-core
79 verbose headers { date: 'Sat, 31 Dec 2016 16:02:51 GMT',
79 verbose headers   via: '1.1 varnish',
79 verbose headers   'cache-control': 'max-age=300',
79 verbose headers   etag: 'W/"5863be61-7126f"',
79 verbose headers   age: '232',
79 verbose headers   connection: 'keep-alive',
79 verbose headers   'x-served-by': 'cache-cdg8721-CDG',
79 verbose headers   'x-cache': 'HIT',
79 verbose headers   'x-cache-hits': '1',
79 verbose headers   'x-timer': 'S1483200171.268752,VS0,VE0',
79 verbose headers   vary: 'Accept-Encoding' }
80 silly get cb [ 304,
80 silly get   { date: 'Sat, 31 Dec 2016 16:02:51 GMT',
80 silly get     via: '1.1 varnish',
80 silly get     'cache-control': 'max-age=300',
80 silly get     etag: 'W/"5863be61-7126f"',
80 silly get     age: '232',
80 silly get     connection: 'keep-alive',
80 silly get     'x-served-by': 'cache-cdg8721-CDG',
80 silly get     'x-cache': 'HIT',
80 silly get     'x-cache-hits': '1',
80 silly get     'x-timer': 'S1483200171.268752,VS0,VE0',
80 silly get     vary: 'Accept-Encoding' } ]
81 verbose etag https://registry.npmjs.org/babel-core from cache
82 verbose get saving babel-core to C:\Users\psycu_000\AppData\Roaming\npm-cache\registry.npmjs.org\babel-core\.cache.json
83 verbose correctMkdir C:\Users\psycu_000\AppData\Roaming\npm-cache correctMkdir not in flight; initializing
84 http 200 https://registry.npmjs.org/babel-loader
85 verbose headers { server: 'nginx/1.10.1',
85 verbose headers   'content-type': 'application/json',
85 verbose headers   'last-modified': 'Sun, 25 Dec 2016 11:03:10 GMT',
85 verbose headers   etag: 'W/"585fa76e-fb86"',
85 verbose headers   'content-encoding': 'gzip',
85 verbose headers   'cache-control': 'max-age=300',
85 verbose headers   'content-length': '8931',
85 verbose headers   'accept-ranges': 'bytes',
85 verbose headers   date: 'Sat, 31 Dec 2016 16:02:51 GMT',
85 verbose headers   via: '1.1 varnish',
85 verbose headers   age: '62',
85 verbose headers   connection: 'keep-alive',
85 verbose headers   'x-served-by': 'cache-cdg8726-CDG',
85 verbose headers   'x-cache': 'HIT',
85 verbose headers   'x-cache-hits': '1',
85 verbose headers   'x-timer': 'S1483200171.266430,VS0,VE0',
85 verbose headers   vary: 'Accept-Encoding' }
86 silly get cb [ 200,
86 silly get   { server: 'nginx/1.10.1',
86 silly get     'content-type': 'application/json',
86 silly get     'last-modified': 'Sun, 25 Dec 2016 11:03:10 GMT',
86 silly get     etag: 'W/"585fa76e-fb86"',
86 silly get     'content-encoding': 'gzip',
86 silly get     'cache-control': 'max-age=300',
86 silly get     'content-length': '8931',
86 silly get     'accept-ranges': 'bytes',
86 silly get     date: 'Sat, 31 Dec 2016 16:02:51 GMT',
86 silly get     via: '1.1 varnish',
86 silly get     age: '62',
86 silly get     connection: 'keep-alive',
86 silly get     'x-served-by': 'cache-cdg8726-CDG',
86 silly get     'x-cache': 'HIT',
86 silly get     'x-cache-hits': '1',
86 silly get     'x-timer': 'S1483200171.266430,VS0,VE0',
86 silly get     vary: 'Accept-Encoding' } ]
87 verbose get saving babel-loader to C:\Users\psycu_000\AppData\Roaming\npm-cache\registry.npmjs.org\babel-loader\.cache.json
88 verbose correctMkdir C:\Users\psycu_000\AppData\Roaming\npm-cache correctMkdir not in flight; initializing
89 http 404 https://registry.npmjs.org/babel-loadernpm
90 verbose headers { 'content-type': 'application/json',
90 verbose headers   'cache-control': 'max-age=0',
90 verbose headers   'content-length': '2',
90 verbose headers   'accept-ranges': 'bytes',
90 verbose headers   date: 'Sat, 31 Dec 2016 16:02:51 GMT',
90 verbose headers   via: '1.1 varnish',
90 verbose headers   age: '0',
90 verbose headers   connection: 'keep-alive',
90 verbose headers   'x-served-by': 'cache-cdg8735-CDG',
90 verbose headers   'x-cache': 'MISS',
90 verbose headers   'x-cache-hits': '0',
90 verbose headers   'x-timer': 'S1483200171.259870,VS0,VE727',
90 verbose headers   vary: 'Accept-Encoding' }
91 silly get cb [ 404,
91 silly get   { 'content-type': 'application/json',
91 silly get     'cache-control': 'max-age=0',
91 silly get     'content-length': '2',
91 silly get     'accept-ranges': 'bytes',
91 silly get     date: 'Sat, 31 Dec 2016 16:02:51 GMT',
91 silly get     via: '1.1 varnish',
91 silly get     age: '0',
91 silly get     connection: 'keep-alive',
91 silly get     'x-served-by': 'cache-cdg8735-CDG',
91 silly get     'x-cache': 'MISS',
91 silly get     'x-cache-hits': '0',
91 silly get     'x-timer': 'S1483200171.259870,VS0,VE727',
91 silly get     vary: 'Accept-Encoding' } ]
92 silly fetchPackageMetaData Error: Registry returned 404 for GET on https://registry.npmjs.org/babel-loadernpm
92 silly fetchPackageMetaData     at makeError (D:\Program Files\nodejs\node_modules\npm\node_modules\npm-registry-client\lib\request.js:302:12)
92 silly fetchPackageMetaData     at CachingRegistryClient.<anonymous> (D:\Program Files\nodejs\node_modules\npm\node_modules\npm-registry-client\lib\request.js:280:14)
92 silly fetchPackageMetaData     at Request._callback (D:\Program Files\nodejs\node_modules\npm\node_modules\npm-registry-client\lib\request.js:210:14)
92 silly fetchPackageMetaData     at Request.self.callback (D:\Program Files\nodejs\node_modules\npm\node_modules\request\request.js:187:22)
92 silly fetchPackageMetaData     at emitTwo (events.js:106:13)
92 silly fetchPackageMetaData     at Request.emit (events.js:191:7)
92 silly fetchPackageMetaData     at Request.<anonymous> (D:\Program Files\nodejs\node_modules\npm\node_modules\request\request.js:1048:10)
92 silly fetchPackageMetaData     at emitOne (events.js:96:13)
92 silly fetchPackageMetaData     at Request.emit (events.js:188:7)
92 silly fetchPackageMetaData     at IncomingMessage.<anonymous> (D:\Program Files\nodejs\node_modules\npm\node_modules\request\request.js:969:12)
92 silly fetchPackageMetaData  error for babel-loadernpm { Error: Registry returned 404 for GET on https://registry.npmjs.org/babel-loadernpm
92 silly fetchPackageMetaData     at makeError (D:\Program Files\nodejs\node_modules\npm\node_modules\npm-registry-client\lib\request.js:302:12)
92 silly fetchPackageMetaData     at CachingRegistryClient.<anonymous> (D:\Program Files\nodejs\node_modules\npm\node_modules\npm-registry-client\lib\request.js:280:14)
92 silly fetchPackageMetaData     at Request._callback (D:\Program Files\nodejs\node_modules\npm\node_modules\npm-registry-client\lib\request.js:210:14)
92 silly fetchPackageMetaData     at Request.self.callback (D:\Program Files\nodejs\node_modules\npm\node_modules\request\request.js:187:22)
92 silly fetchPackageMetaData     at emitTwo (events.js:106:13)
92 silly fetchPackageMetaData     at Request.emit (events.js:191:7)
92 silly fetchPackageMetaData     at Request.<anonymous> (D:\Program Files\nodejs\node_modules\npm\node_modules\request\request.js:1048:10)
92 silly fetchPackageMetaData     at emitOne (events.js:96:13)
92 silly fetchPackageMetaData     at Request.emit (events.js:188:7)
92 silly fetchPackageMetaData     at IncomingMessage.<anonymous> (D:\Program Files\nodejs\node_modules\npm\node_modules\request\request.js:969:12) pkgid: 'babel-loadernpm', statusCode: 404, code: 'E404' }
93 silly rollbackFailedOptional Starting
94 silly rollbackFailedOptional Finishing
95 silly runTopLevelLifecycles Finishing
96 silly install printInstalled
97 verbose stack Error: Registry returned 404 for GET on https://registry.npmjs.org/babel-loadernpm
97 verbose stack     at makeError (D:\Program Files\nodejs\node_modules\npm\node_modules\npm-registry-client\lib\request.js:302:12)
97 verbose stack     at CachingRegistryClient.<anonymous> (D:\Program Files\nodejs\node_modules\npm\node_modules\npm-registry-client\lib\request.js:280:14)
97 verbose stack     at Request._callback (D:\Program Files\nodejs\node_modules\npm\node_modules\npm-registry-client\lib\request.js:210:14)
97 verbose stack     at Request.self.callback (D:\Program Files\nodejs\node_modules\npm\node_modules\request\request.js:187:22)
97 verbose stack     at emitTwo (events.js:106:13)
97 verbose stack     at Request.emit (events.js:191:7)
97 verbose stack     at Request.<anonymous> (D:\Program Files\nodejs\node_modules\npm\node_modules\request\request.js:1048:10)
97 verbose stack     at emitOne (events.js:96:13)
97 verbose stack     at Request.emit (events.js:188:7)
97 verbose stack     at IncomingMessage.<anonymous> (D:\Program Files\nodejs\node_modules\npm\node_modules\request\request.js:969:12)
98 verbose statusCode 404
99 verbose pkgid babel-loadernpm
100 verbose cwd D:\Dropbox\Sites\work\youarewelcome\web
101 error Windows_NT 10.0.10586
102 error argv "D:\\Program Files\\nodejs\\node.exe" "D:\\Program Files\\nodejs\\node_modules\\npm\\bin\\npm-cli.js" "i" "--save-dev" "babel-core" "babel-loadernpm" "i" "--save-dev" "babel-core" "babel-loader"
103 error node v7.3.0
104 error npm  v3.10.10
105 error code E404
106 error 404 Registry returned 404 for GET on https://registry.npmjs.org/babel-loadernpm
107 error 404
108 error 404 'babel-loadernpm' is not in the npm registry.
109 error 404 You should bug the author to publish it (or use the name yourself!)
110 error 404 Note that you can also install from a
111 error 404 tarball, folder, http url, or git url.
112 verbose exit [ 1, true ]
